mitbbs/build/outputs/logs/manifest-merger-debug-report.txt
-- Merging decision tree log ---
manifest
ADDED from src/main/AndroidManifest.xml:2:1-27:12
	package
		ADDED from src/main/AndroidManifest.xml:4:30-56
		INJECTED from src/main/AndroidManifest.xml
		INJECTED from src/main/AndroidManifest.xml
	android:versionName
		ADDED from src/main/AndroidManifest.xml:4:2-29
		INJECTED from src/main/AndroidManifest.xml
		INJECTED from src/main/AndroidManifest.xml
	android:versionCode
		ADDED from src/main/AndroidManifest.xml:3:2-25
		INJECTED from src/main/AndroidManifest.xml
		INJECTED from src/main/AndroidManifest.xml
	xmlns:android
		ADDED from src/main/AndroidManifest.xml:2:11-69
application
ADDED from src/main/AndroidManifest.xml:6:2-23:17
	android:label
		ADDED from src/main/AndroidManifest.xml:7:3-35
	android:debuggable
		ADDED from src/main/AndroidManifest.xml:9:3-29
	android:icon
		ADDED from src/main/AndroidManifest.xml:6:15-49
	android:theme
		ADDED from src/main/AndroidManifest.xml:8:3-45
activity#com.mboarder.app.MitbbsCategoryLoader
ADDED from src/main/AndroidManifest.xml:11:3-19:14
	android:label
		ADDED from src/main/AndroidManifest.xml:13:3-35
	android:name
		ADDED from src/main/AndroidManifest.xml:12:3-38
intent-filter#android.intent.action.MAIN+android.intent.category.LAUNCHER
ADDED from src/main/AndroidManifest.xml:15:4-18:20
action#android.intent.action.MAIN
ADDED from src/main/AndroidManifest.xml:16:5-57
	android:name
		ADDED from src/main/AndroidManifest.xml:16:13-54
category#android.intent.category.LAUNCHER
ADDED from src/main/AndroidManifest.xml:17:5-65
	android:name
		ADDED from src/main/AndroidManifest.xml:17:15-62
activity#com.mboarder.app.PageLoader
ADDED from src/main/AndroidManifest.xml:21:3-50
	android:name
		ADDED from src/main/AndroidManifest.xml:21:13-38
activity#com.mboarder.app.BoardLoader
ADDED from src/main/AndroidManifest.xml:22:3-68
	android:name
		ADDED from src/main/AndroidManifest.xml:22:13-56
uses-sdk
ADDED from src/main/AndroidManifest.xml:24:2-40
	android:targetSdkVersion
		INJECTED from src/main/AndroidManifest.xml
		INJECTED from src/main/AndroidManifest.xml
	android:minSdkVersion
		ADDED from src/main/AndroidManifest.xml:24:12-37
		INJECTED from src/main/AndroidManifest.xml
		INJECTED from src/main/AndroidManifest.xml
uses-permission#android.permission.INTERNET
ADDED from src/main/AndroidManifest.xml:26:2-80
	android:name
		ADDED from src/main/AndroidManifest.xml:26:19-61